  Restaurant.cpp
c:\users\ghallab\desktop\final project\restaurant\rest\restaurant.cpp(174): warning C4244: 'argument': conversion from 'double' to 'int', possible loss of data
c:\users\ghallab\desktop\final project\restaurant\rest\restaurant.cpp(303): warning C4244: 'argument': conversion from 'time_t' to 'unsigned int', possible loss of data
c:\users\ghallab\desktop\final project\restaurant\rest\restaurant.cpp(366): warning C4996: 'itoa': The POSIX name for this item is deprecated. Instead, use the ISO C and C++ conformant name: _itoa. See online help for details.
  c:\program files (x86)\windows kits\10\include\10.0.17134.0\ucrt\stdlib.h(1323): note: see declaration of 'itoa'
c:\users\ghallab\desktop\final project\restaurant\rest\restaurant.cpp(367): warning C4996: 'itoa': The POSIX name for this item is deprecated. Instead, use the ISO C and C++ conformant name: _itoa. See online help for details.
  c:\program files (x86)\windows kits\10\include\10.0.17134.0\ucrt\stdlib.h(1323): note: see declaration of 'itoa'
c:\users\ghallab\desktop\final project\restaurant\rest\restaurant.cpp(368): warning C4996: 'itoa': The POSIX name for this item is deprecated. Instead, use the ISO C and C++ conformant name: _itoa. See online help for details.
  c:\program files (x86)\windows kits\10\include\10.0.17134.0\ucrt\stdlib.h(1323): note: see declaration of 'itoa'
c:\users\ghallab\desktop\final project\restaurant\rest\restaurant.cpp(369): warning C4996: 'itoa': The POSIX name for this item is deprecated. Instead, use the ISO C and C++ conformant name: _itoa. See online help for details.
  c:\program files (x86)\windows kits\10\include\10.0.17134.0\ucrt\stdlib.h(1323): note: see declaration of 'itoa'
c:\users\ghallab\desktop\final project\restaurant\rest\restaurant.cpp(373): warning C4996: 'itoa': The POSIX name for this item is deprecated. Instead, use the ISO C and C++ conformant name: _itoa. See online help for details.
  c:\program files (x86)\windows kits\10\include\10.0.17134.0\ucrt\stdlib.h(1323): note: see declaration of 'itoa'
c:\users\ghallab\desktop\final project\restaurant\rest\restaurant.cpp(375): warning C4996: 'itoa': The POSIX name for this item is deprecated. Instead, use the ISO C and C++ conformant name: _itoa. See online help for details.
  c:\program files (x86)\windows kits\10\include\10.0.17134.0\ucrt\stdlib.h(1323): note: see declaration of 'itoa'
c:\users\ghallab\desktop\final project\restaurant\rest\restaurant.cpp(301): warning C4101: 'pOrd': unreferenced local variable
c:\users\ghallab\desktop\final project\restaurant\rest\restaurant.cpp(302): warning C4101: 'pEv': unreferenced local variable
c:\users\ghallab\desktop\final project\restaurant\rest\restaurant.cpp(408): warning C4244: 'argument': conversion from 'time_t' to 'unsigned int', possible loss of data
c:\users\ghallab\desktop\final project\restaurant\rest\restaurant.cpp(460): warning C4996: 'itoa': The POSIX name for this item is deprecated. Instead, use the ISO C and C++ conformant name: _itoa. See online help for details.
  c:\program files (x86)\windows kits\10\include\10.0.17134.0\ucrt\stdlib.h(1323): note: see declaration of 'itoa'
c:\users\ghallab\desktop\final project\restaurant\rest\restaurant.cpp(462): warning C4996: 'itoa': The POSIX name for this item is deprecated. Instead, use the ISO C and C++ conformant name: _itoa. See online help for details.
  c:\program files (x86)\windows kits\10\include\10.0.17134.0\ucrt\stdlib.h(1323): note: see declaration of 'itoa'
c:\users\ghallab\desktop\final project\restaurant\rest\restaurant.cpp(406): warning C4101: 'pOrd': unreferenced local variable
c:\users\ghallab\desktop\final project\restaurant\rest\restaurant.cpp(407): warning C4101: 'pEv': unreferenced local variable
c:\users\ghallab\desktop\final project\restaurant\rest\restaurant.cpp(497): warning C4244: 'argument': conversion from 'time_t' to 'unsigned int', possible loss of data
c:\users\ghallab\desktop\final project\restaurant\rest\restaurant.cpp(495): warning C4101: 'pOrd': unreferenced local variable
c:\users\ghallab\desktop\final project\restaurant\rest\restaurant.cpp(496): warning C4101: 'pEv': unreferenced local variable
  Restaurant.vcxproj -> C:\Users\Ghallab\Desktop\Final Project\Debug\Restaurant.exe
